2017/02/20 13:02:01 INFO  - jmeter.util.JMeterUtils: Setting Locale to en_US 
2017/02/20 13:02:01 INFO  - jmeter.JMeter: Loading user properties from: /home/seung/ArielPruebas/apache-jmeter-3.1/bin/user.properties 
2017/02/20 13:02:01 INFO  - jmeter.JMeter: Loading system properties from: /home/seung/ArielPruebas/apache-jmeter-3.1/bin/system.properties 
2017/02/20 13:02:01 INFO  - jmeter.JMeter: Copyright (c) 1998-2016 The Apache Software Foundation 
2017/02/20 13:02:01 INFO  - jmeter.JMeter: Version 3.1 r1770033 
2017/02/20 13:02:01 INFO  - jmeter.JMeter: java.version=1.8.0_121 
2017/02/20 13:02:01 INFO  - jmeter.JMeter: java.vm.name=OpenJDK 64-Bit Server VM 
2017/02/20 13:02:01 INFO  - jmeter.JMeter: os.name=Linux 
2017/02/20 13:02:01 INFO  - jmeter.JMeter: os.arch=amd64 
2017/02/20 13:02:01 INFO  - jmeter.JMeter: os.version=4.4.0-62-lowlatency 
2017/02/20 13:02:01 INFO  - jmeter.JMeter: file.encoding=UTF-8 
2017/02/20 13:02:01 INFO  - jmeter.JMeter: Max memory     =514850816 
2017/02/20 13:02:01 INFO  - jmeter.JMeter: Available Processors =8 
2017/02/20 13:02:01 INFO  - jmeter.JMeter: Default Locale=English (United States) 
2017/02/20 13:02:01 INFO  - jmeter.JMeter: JMeter  Locale=English (United States) 
2017/02/20 13:02:01 INFO  - jmeter.JMeter: JMeterHome=/home/seung/ArielPruebas/apache-jmeter-3.1 
2017/02/20 13:02:01 INFO  - jmeter.JMeter: user.dir  =/home/seung/ArielPruebas/apache-jmeter-3.1/bin 
2017/02/20 13:02:01 INFO  - jmeter.JMeter: PWD       =/home/seung/ArielPruebas/apache-jmeter-3.1/bin 
2017/02/20 13:02:01 INFO  - jmeter.JMeter: IP: 127.0.1.1 Name: seung-G750JX FullName: seung-G750JX 
2017/02/20 13:02:02 INFO  - jmeter.gui.action.LookAndFeelCommand: Using look and feel: javax.swing.plaf.metal.MetalLookAndFeel [Metal, CrossPlatform, System] 
2017/02/20 13:02:02 INFO  - jmeter.JMeter: Loaded icon properties from org/apache/jmeter/images/icon.properties 
2017/02/20 13:02:03 INFO  - jmeter.engine.util.CompoundVariable: Note: Function class names must contain the string: '.functions.' 
2017/02/20 13:02:03 INFO  - jmeter.engine.util.CompoundVariable: Note: Function class names must not contain the string: '.gui.' 
2017/02/20 13:02:05 INFO  - org.jmeterplugins.repository.PluginManager: Plugins Status: [jmeter-ftp=3.1, jmeter-http=3.1, jmeter-jdbc=3.1, jmeter-jms=3.1, jmeter-monitors=3.1, jmeter-core=3.1, jmeter-junit=3.1, jmeter-java=3.1, jmeter-ldap=3.1, jmeter-mail=3.1, jmeter-mongodb=3.1, jmeter-native=3.1, jpgc-plugins-manager=0.11, ssh-sampler=1.1.1-SNAPSHOT, jmeter-tcp=3.1, jmeter-components=3.1] 
2017/02/20 13:02:05 INFO  - jmeter.gui.util.MenuFactory: Skipping org.apache.jmeter.assertions.BSFAssertion 
2017/02/20 13:02:05 INFO  - jmeter.gui.util.MenuFactory: Skipping org.apache.jmeter.extractor.BSFPostProcessor 
2017/02/20 13:02:06 INFO  - jmeter.gui.util.MenuFactory: Skipping org.apache.jmeter.modifiers.BSFPreProcessor 
2017/02/20 13:02:06 INFO  - jmeter.protocol.http.sampler.HTTPSamplerBase: Parser for text/html is org.apache.jmeter.protocol.http.parser.LagartoBasedHtmlParser 
2017/02/20 13:02:06 INFO  - jmeter.protocol.http.sampler.HTTPSamplerBase: Parser for application/xhtml+xml is org.apache.jmeter.protocol.http.parser.LagartoBasedHtmlParser 
2017/02/20 13:02:06 INFO  - jmeter.protocol.http.sampler.HTTPSamplerBase: Parser for application/xml is org.apache.jmeter.protocol.http.parser.LagartoBasedHtmlParser 
2017/02/20 13:02:06 INFO  - jmeter.protocol.http.sampler.HTTPSamplerBase: Parser for text/xml is org.apache.jmeter.protocol.http.parser.LagartoBasedHtmlParser 
2017/02/20 13:02:06 INFO  - jmeter.protocol.http.sampler.HTTPSamplerBase: Parser for text/vnd.wap.wml is org.apache.jmeter.protocol.http.parser.RegexpHTMLParser 
2017/02/20 13:02:06 INFO  - jmeter.protocol.http.sampler.HTTPSamplerBase: Parser for text/css is org.apache.jmeter.protocol.http.parser.CssParser 
2017/02/20 13:02:06 INFO  - jorphan.exec.KeyToolUtils: keytool found at 'keytool' 
2017/02/20 13:02:06 INFO  - jmeter.protocol.http.proxy.ProxyControl: HTTP(S) Test Script Recorder SSL Proxy will use keys that support embedded 3rd party resources in file /home/seung/ArielPruebas/apache-jmeter-3.1/bin/proxyserver.jks 
2017/02/20 13:02:06 INFO  - jmeter.gui.util.MenuFactory: Skipping org.apache.jmeter.protocol.java.sampler.BSFSampler 
2017/02/20 13:02:06 INFO  - jmeter.gui.util.MenuFactory: Skipping org.apache.jmeter.protocol.mongodb.config.MongoSourceElement 
2017/02/20 13:02:06 INFO  - jmeter.gui.util.MenuFactory: Skipping org.apache.jmeter.protocol.mongodb.sampler.MongoScriptSampler 
2017/02/20 13:02:06 INFO  - jmeter.gui.util.MenuFactory: Skipping org.apache.jmeter.timers.BSFTimer 
2017/02/20 13:02:06 INFO  - jmeter.gui.util.MenuFactory: Skipping org.apache.jmeter.visualizers.BSFListener 
2017/02/20 13:02:06 INFO  - jmeter.gui.util.MenuFactory: Skipping org.apache.jmeter.visualizers.MonitorHealthVisualizer 
2017/02/20 13:02:06 INFO  - jmeter.samplers.SampleResult: Note: Sample TimeStamps are START times 
2017/02/20 13:02:06 INFO  - jmeter.samplers.SampleResult: sampleresult.default.encoding is set to ISO-8859-1 
2017/02/20 13:02:06 INFO  - jmeter.samplers.SampleResult: sampleresult.useNanoTime=true 
2017/02/20 13:02:06 INFO  - jmeter.samplers.SampleResult: sampleresult.nanoThreadSleep=5000 
2017/02/20 13:02:12 INFO  - jmeter.services.FileServer: Default base='/home/seung/ArielPruebas/apache-jmeter-3.1/bin' 
2017/02/20 13:02:12 INFO  - jmeter.gui.action.Load: Loading file: /home/seung/ArielPruebas/apache-jmeter-3.1/bin/JDBC CLASE.jmx 
2017/02/20 13:02:12 INFO  - jmeter.services.FileServer: Set new base='/home/seung/ArielPruebas/apache-jmeter-3.1/bin' 
2017/02/20 13:02:12 INFO  - jmeter.save.SaveService: Testplan (JMX) version: 2.2. Testlog (JTL) version: 2.2 
2017/02/20 13:02:12 INFO  - jmeter.save.SaveService: Using SaveService properties file encoding UTF-8 
2017/02/20 13:02:12 INFO  - jmeter.save.SaveService: Using SaveService properties version 3.1 
2017/02/20 13:02:12 INFO  - jmeter.save.SaveService: All converter versions present and correct 
2017/02/20 13:02:12 INFO  - jmeter.save.SaveService: Loading file: /home/seung/ArielPruebas/apache-jmeter-3.1/bin/JDBC CLASE.jmx 
2017/02/20 13:02:12 INFO  - jmeter.services.FileServer: Set new base='/home/seung/ArielPruebas/apache-jmeter-3.1/bin' 
